app/manifest-merger-release-report.txt
-- Merging decision tree log ---
manifest
ADDED from AndroidManifest.xml:2:1
	package
		ADDED from AndroidManifest.xml:4:5
		INJECTED from AndroidManifest.xml:0:0
		INJECTED from AndroidManifest.xml:0:0
	android:versionName
		INJECTED from AndroidManifest.xml:0:0
		INJECTED from AndroidManifest.xml:0:0
	xmlns:tools
		ADDED from AndroidManifest.xml:3:5
	xmlns:android
		ADDED from AndroidManifest.xml:2:11
	android:versionCode
		INJECTED from AndroidManifest.xml:0:0
		INJECTED from AndroidManifest.xml:0:0
uses-permission#android.permission.READ_EXTERNAL_STORAGE
ADDED from AndroidManifest.xml:7:5
	android:name
		ADDED from AndroidManifest.xml:7:22
uses-permission#android.permission.WRITE_EXTERNAL_STORAGE
ADDED from AndroidManifest.xml:8:5
	android:name
		ADDED from AndroidManifest.xml:8:22
uses-permission#android.permission.INTERNET
ADDED from AndroidManifest.xml:9:5
	android:name
		ADDED from AndroidManifest.xml:9:22
uses-permission#android.permission.ACCESS_NETWORK_STATE
ADDED from AndroidManifest.xml:10:5
	android:name
		ADDED from AndroidManifest.xml:10:22
uses-permission#android.permission.ACCESS_WIFI_STATE
ADDED from AndroidManifest.xml:11:5
	android:name
		ADDED from AndroidManifest.xml:11:22
uses-permission#android.permission.SET_WALLPAPER
ADDED from AndroidManifest.xml:12:5
	android:name
		ADDED from AndroidManifest.xml:12:22
uses-permission#android.permission.SET_WALLPAPER_HINTS
ADDED from AndroidManifest.xml:13:5
	android:name
		ADDED from AndroidManifest.xml:13:22
uses-permission#android.permission.WAKE_LOCK
ADDED from AndroidManifest.xml:14:5
	android:name
		ADDED from AndroidManifest.xml:14:22
uses-permission#android.permission.WRITE_SETTINGS
ADDED from AndroidManifest.xml:15:5
	android:name
		ADDED from AndroidManifest.xml:15:22
supports-screens
ADDED from AndroidManifest.xml:17:5
	android:largeScreens
		ADDED from AndroidManifest.xml:19:9
	android:smallScreens
		ADDED from AndroidManifest.xml:22:9
	android:normalScreens
		ADDED from AndroidManifest.xml:20:9
	android:xlargeScreens
		ADDED from AndroidManifest.xml:23:9
	android:resizeable
		ADDED from AndroidManifest.xml:21:9
	android:anyDensity
		ADDED from AndroidManifest.xml:18:9
application
ADDED from AndroidManifest.xml:25:5
MERGED from com.android.support:appcompat-v7:22.2.0:22:5
MERGED from com.android.support:support-v4:22.2.0:22:5
MERGED from com.android.support:support-v4:22.2.0:22:5
MERGED from com.android.support:cardview-v7:22.1.0:22:5
MERGED from com.android.support:palette-v7:22.1.0:22:5
MERGED from com.android.support:support-v4:22.2.0:22:5
MERGED from com.afollestad:material-dialogs:0.7.6.0:12:5
MERGED from com.android.support:support-v4:22.2.0:22:5
MERGED from com.android.support:appcompat-v7:22.2.0:22:5
MERGED from com.android.support:support-v4:22.2.0:22:5
MERGED from com.android.support:support-v4:22.2.0:22:5
MERGED from com.android.support:appcompat-v7:22.2.0:22:5
MERGED from com.android.support:support-v4:22.2.0:22:5
MERGED from com.melnykov:floatingactionbutton:1.3.0:12:5
MERGED from com.android.support:support-v4:22.2.0:22:5
MERGED from com.balysv:material-ripple:1.0.1:12:5
	android:label
		ADDED from AndroidManifest.xml:28:9
	android:supportsRtl
		ADDED from AndroidManifest.xml:29:9
	tools:ignore
		ADDED from AndroidManifest.xml:31:9
	android:allowBackup
		ADDED from AndroidManifest.xml:26:9
	android:icon
		ADDED from AndroidManifest.xml:27:9
	android:theme
		ADDED from AndroidManifest.xml:30:9
uses-library#com.sec.android.app.multiwindow
ADDED from AndroidManifest.xml:33:9
	android:required
		ADDED from AndroidManifest.xml:35:13
	android:name
		ADDED from AndroidManifest.xml:34:13
meta-data#com.sec.android.support.multiwindow
ADDED from AndroidManifest.xml:37:9
	android:value
		ADDED from AndroidManifest.xml:39:13
	android:name
		ADDED from AndroidManifest.xml:38:13
meta-data#com.sec.android.multiwindow.DEFAULT_SIZE_W
ADDED from AndroidManifest.xml:40:9
	android:value
		ADDED from AndroidManifest.xml:42:13
	android:name
		ADDED from AndroidManifest.xml:41:13
meta-data#com.sec.android.multiwindow.DEFAULT_SIZE_H
ADDED from AndroidManifest.xml:43:9
	android:value
		ADDED from AndroidManifest.xml:45:13
	android:name
		ADDED from AndroidManifest.xml:44:13
meta-data#com.sec.android.multiwindow.MINIMUM_SIZE_W
ADDED from AndroidManifest.xml:46:9
	android:value
		ADDED from AndroidManifest.xml:48:13
	android:name
		ADDED from AndroidManifest.xml:47:13
meta-data#com.sec.android.multiwindow.MINIMUM_SIZE_H
ADDED from AndroidManifest.xml:49:9
	android:value
		ADDED from AndroidManifest.xml:51:13
	android:name
		ADDED from AndroidManifest.xml:50:13
meta-data#com.lge.support.SPLIT_WINDOW
ADDED from AndroidManifest.xml:52:9
	android:value
		ADDED from AndroidManifest.xml:54:13
	android:name
		ADDED from AndroidManifest.xml:53:13
activity#bakasenpai.iconpack.mnmlsm.home
ADDED from AndroidManifest.xml:57:9
	android:label
		ADDED from AndroidManifest.xml:59:13
	android:noHistory
		ADDED from AndroidManifest.xml:60:13
	android:name
		ADDED from AndroidManifest.xml:58:13
intent-filter#android.intent.action.MAIN+android.intent.category.LAUNCHER+android.intent.category.MULTIWINDOW_LAUNCHER
ADDED from AndroidManifest.xml:61:13
action#android.intent.action.MAIN
ADDED from AndroidManifest.xml:62:17
	android:name
		ADDED from AndroidManifest.xml:62:25
category#android.intent.category.LAUNCHER
ADDED from AndroidManifest.xml:64:17
	android:name
		ADDED from AndroidManifest.xml:64:27
category#android.intent.category.MULTIWINDOW_LAUNCHER
ADDED from AndroidManifest.xml:65:17
	android:name
		ADDED from AndroidManifest.xml:65:27
activity#com.jahirfiquitiva.paperboard.activities.MainActivity
ADDED from AndroidManifest.xml:70:9
	android:label
		ADDED from AndroidManifest.xml:72:13
	android:name
		ADDED from AndroidManifest.xml:71:13
intent-filter#android.intent.action.PICK+android.intent.category.DEFAULT
ADDED from AndroidManifest.xml:73:13
action#android.intent.action.PICK
ADDED from AndroidManifest.xml:74:17
	android:name
		ADDED from AndroidManifest.xml:74:25
category#android.intent.category.DEFAULT
ADDED from AndroidManifest.xml:75:17
	android:name
		ADDED from AndroidManifest.xml:75:27
data
ADDED from AndroidManifest.xml:76:17
	android:mimeType
		ADDED from AndroidManifest.xml:76:23
intent-filter#android.intent.action.PICK+android.intent.category.DEFAULT+android.intent.category.OPENABLE
ADDED from AndroidManifest.xml:78:13
category#android.intent.category.OPENABLE
ADDED from AndroidManifest.xml:82:17
	android:name
		ADDED from AndroidManifest.xml:82:27
intent-filter#android.intent.action.GET_CONTENT+android.intent.category.DEFAULT+android.intent.category.OPENABLE
ADDED from AndroidManifest.xml:84:13
action#android.intent.action.GET_CONTENT
ADDED from AndroidManifest.xml:85:17
	android:name
		ADDED from AndroidManifest.xml:85:25
intent-filter#android.intent.category.DEFAULT+org.adw.launcher.THEMES
ADDED from AndroidManifest.xml:93:13
action#org.adw.launcher.THEMES
ADDED from AndroidManifest.xml:94:17
	android:name
		ADDED from AndroidManifest.xml:94:25
intent-filter#android.intent.category.DEFAULT+org.adw.launcher.icons.ACTION_PICK_ICON
ADDED from AndroidManifest.xml:97:13
action#org.adw.launcher.icons.ACTION_PICK_ICON
ADDED from AndroidManifest.xml:98:17
	android:name
		ADDED from AndroidManifest.xml:98:25
intent-filter#android.intent.action.MAIN+com.anddoes.launcher.THEME
ADDED from AndroidManifest.xml:102:13
category#com.anddoes.launcher.THEME
ADDED from AndroidManifest.xml:104:17
	android:name
		ADDED from AndroidManifest.xml:104:27
intent-filter#com.dlto.atom.launcher.THEME
ADDED from AndroidManifest.xml:107:13
action#com.dlto.atom.launcher.THEME
ADDED from AndroidManifest.xml:108:17
	android:name
		ADDED from AndroidManifest.xml:108:25
intent-filter#android.intent.action.MAIN+com.teslacoilsw.launcher.THEME
ADDED from AndroidManifest.xml:111:13
category#com.teslacoilsw.launcher.THEME
ADDED from AndroidManifest.xml:113:17
	android:name
		ADDED from AndroidManifest.xml:113:27
intent-filter#com.novalauncher.THEME+com.novalauncher.category.CUSTOM_ICON_PICKER
ADDED from AndroidManifest.xml:115:13
action#com.novalauncher.THEME
ADDED from AndroidManifest.xml:116:17
	android:name
		ADDED from AndroidManifest.xml:116:25
category#com.novalauncher.category.CUSTOM_ICON_PICKER
ADDED from AndroidManifest.xml:117:17
	android:name
		ADDED from AndroidManifest.xml:117:27
intent-filter#android.intent.action.MAIN+com.fede.launcher.THEME_ICONPACK
ADDED from AndroidManifest.xml:120:13
category#com.fede.launcher.THEME_ICONPACK
ADDED from AndroidManifest.xml:122:17
	android:name
		ADDED from AndroidManifest.xml:122:27
intent-filter#android.intent.category.DEFAULT+com.gtp.nextlauncher.theme
ADDED from AndroidManifest.xml:125:13
action#com.gtp.nextlauncher.theme
ADDED from AndroidManifest.xml:126:17
	android:name
		ADDED from AndroidManifest.xml:126:25
intent-filter#android.intent.action.MAIN+android.intent.category.DEFAULT+com.tsf.shell.themes
ADDED from AndroidManifest.xml:130:13
action#com.tsf.shell.themes
ADDED from AndroidManifest.xml:132:17
	android:name
		ADDED from AndroidManifest.xml:132:25
intent-filter#android.intent.category.DEFAULT+com.phonemetra.turbo.launcher.icons.ACTION_PICK_ICON
ADDED from AndroidManifest.xml:137:13
action#com.phonemetra.turbo.launcher.icons.ACTION_PICK_ICON
ADDED from AndroidManifest.xml:138:17
	android:name
		ADDED from AndroidManifest.xml:138:25
intent-filter#android.intent.category.DEFAULT+ginlemon.smartlauncher.BUBBLEICONS+ginlemon.smartlauncher.BUBBLESTYLE+ginlemon.smartlauncher.CLOCKFONTS+ginlemon.smartlauncher.CLOCKS+ginlemon.smartlauncher.THEMES
ADDED from AndroidManifest.xml:142:13
action#ginlemon.smartlauncher.THEMES
ADDED from AndroidManifest.xml:143:17
	android:name
		ADDED from AndroidManifest.xml:143:25
action#ginlemon.smartlauncher.BUBBLESTYLE
ADDED from AndroidManifest.xml:144:17
	android:name
		ADDED from AndroidManifest.xml:144:25
action#ginlemon.smartlauncher.BUBBLEICONS
ADDED from AndroidManifest.xml:145:17
	android:name
		ADDED from AndroidManifest.xml:145:25
action#ginlemon.smartlauncher.CLOCKS
ADDED from AndroidManifest.xml:146:17
	android:name
		ADDED from AndroidManifest.xml:146:25
action#ginlemon.smartlauncher.CLOCKFONTS
ADDED from AndroidManifest.xml:147:17
	android:name
		ADDED from AndroidManifest.xml:147:25
intent-filter#android.intent.category.DEFAULT+com.gridappsinc.launcher.theme.apk_action
ADDED from AndroidManifest.xml:152:13
action#com.gridappsinc.launcher.theme.apk_action
ADDED from AndroidManifest.xml:153:17
	android:name
		ADDED from AndroidManifest.xml:153:25
intent-filter#android.intent.action.MAIN+android.intent.category.DEFAULT+com.android.dxtop.launcher.THEME+com.fede.launcher.THEME_ICONPACK+com.rogro.GDE.THEME.1+mobi.bbase.ahome.THEME+org.adw.launcher.THEMES
ADDED from AndroidManifest.xml:157:13
action#mobi.bbase.ahome.THEME
ADDED from AndroidManifest.xml:160:17
	android:name
		ADDED from AndroidManifest.xml:160:25
action#com.rogro.GDE.THEME.1
ADDED from AndroidManifest.xml:161:17
	android:name
		ADDED from AndroidManifest.xml:161:25
action#com.android.dxtop.launcher.THEME
ADDED from AndroidManifest.xml:162:17
	android:name
		ADDED from AndroidManifest.xml:162:25
intent-filter#android.intent.category.DEFAULT+com.rogro.GDE.THEME.1+mobi.bbase.ahome.THEME+org.adw.launcher.icons.ACTION_PICK_ICON
ADDED from AndroidManifest.xml:167:13
intent-filter#android.intent.category.DEFAULT+cdproductions.crazyicons.TWO
ADDED from AndroidManifest.xml:174:13
action#cdproductions.crazyicons.TWO
ADDED from AndroidManifest.xml:175:17
	android:name
		ADDED from AndroidManifest.xml:175:25
intent-filter#com.daeva112.manager.MAIN+com.daeva112.manager.THEME
ADDED from AndroidManifest.xml:179:13
action#com.daeva112.manager.MAIN
ADDED from AndroidManifest.xml:180:17
	android:name
		ADDED from AndroidManifest.xml:180:25
category#com.daeva112.manager.THEME
ADDED from AndroidManifest.xml:181:17
	android:name
		ADDED from AndroidManifest.xml:181:27
intent-filter#android.intent.action.MAIN+android.intent.category.DEFAULT+android.intent.category.THEME_SCENE+com.gau.go.launcherex.theme
ADDED from AndroidManifest.xml:184:13
action#com.gau.go.launcherex.theme
ADDED from AndroidManifest.xml:185:17
	android:name
		ADDED from AndroidManifest.xml:185:25
category#android.intent.category.THEME_SCENE
ADDED from AndroidManifest.xml:188:17
	android:name
		ADDED from AndroidManifest.xml:188:27
intent-filter#android.intent.category.INFO
ADDED from AndroidManifest.xml:191:13
category#android.intent.category.INFO
ADDED from AndroidManifest.xml:192:17
	android:name
		ADDED from AndroidManifest.xml:192:27
intent-filter#android.intent.action.MAIN+home.solo.launcher.free.ACTION_ICON+home.solo.launcher.free.THEMES
ADDED from AndroidManifest.xml:195:13
action#home.solo.launcher.free.THEMES
ADDED from AndroidManifest.xml:197:17
	android:name
		ADDED from AndroidManifest.xml:197:25
action#home.solo.launcher.free.ACTION_ICON
ADDED from AndroidManifest.xml:198:17
	android:name
		ADDED from AndroidManifest.xml:198:25
intent-filter#android.intent.action.MAIN+android.intent.category.DEFAULT+com.lge.launcher2.THEME
ADDED from AndroidManifest.xml:201:13
action#com.lge.launcher2.THEME
ADDED from AndroidManifest.xml:203:17
	android:name
		ADDED from AndroidManifest.xml:203:25
activity#com.jahirfiquitiva.paperboard.activities.DetailedWallpaperActivity
ADDED from AndroidManifest.xml:211:9
	android:label
		ADDED from AndroidManifest.xml:213:13
	android:theme
		ADDED from AndroidManifest.xml:214:13
	android:name
		ADDED from AndroidManifest.xml:212:13
meta-data#android.support.PARENT_ACTIVITY
ADDED from AndroidManifest.xml:215:13
	android:value
		ADDED from AndroidManifest.xml:217:17
	android:name
		ADDED from AndroidManifest.xml:216:17
service#com.jahirfiquitiva.paperboard.muzei.ArtSource
ADDED from AndroidManifest.xml:220:9
	android:label
		ADDED from AndroidManifest.xml:224:13
	android:icon
		ADDED from AndroidManifest.xml:223:13
	android:description
		ADDED from AndroidManifest.xml:222:13
	android:name
		ADDED from AndroidManifest.xml:221:13
intent-filter#com.google.android.apps.muzei.api.MuzeiArtSource
ADDED from AndroidManifest.xml:225:13
action#com.google.android.apps.muzei.api.MuzeiArtSource
ADDED from AndroidManifest.xml:226:17
	android:name
		ADDED from AndroidManifest.xml:226:25
meta-data#color
ADDED from AndroidManifest.xml:229:13
	android:value
		ADDED from AndroidManifest.xml:231:17
	android:name
		ADDED from AndroidManifest.xml:230:17
meta-data#settingsActivity
ADDED from AndroidManifest.xml:232:13
	android:value
		ADDED from AndroidManifest.xml:234:17
	android:name
		ADDED from AndroidManifest.xml:233:17
activity#com.jahirfiquitiva.paperboard.muzei.Settings
ADDED from AndroidManifest.xml:237:9
	android:label
		ADDED from AndroidManifest.xml:240:13
	android:exported
		ADDED from AndroidManifest.xml:239:13
	android:windowSoftInputMode
		ADDED from AndroidManifest.xml:242:13
	android:theme
		ADDED from AndroidManifest.xml:241:13
	android:name
		ADDED from AndroidManifest.xml:238:13
uses-sdk
INJECTED from AndroidManifest.xml:0:0 reason: use-sdk injection requested
MERGED from com.android.support:appcompat-v7:22.2.0:20:5
MERGED from com.android.support:support-v4:22.2.0:20:5
MERGED from com.android.support:support-v4:22.2.0:20:5
MERGED from com.android.support:cardview-v7:22.1.0:20:5
MERGED from com.android.support:palette-v7:22.1.0:20:5
MERGED from com.android.support:recyclerview-v7:22.2.0:20:5
MERGED from com.android.support:support-v4:22.2.0:20:5
MERGED from com.afollestad:material-dialogs:0.7.6.0:8:5
MERGED from com.android.support:support-v4:22.2.0:20:5
MERGED from com.android.support:appcompat-v7:22.2.0:20:5
MERGED from com.android.support:support-v4:22.2.0:20:5
MERGED from com.android.support:recyclerview-v7:22.2.0:20:5
MERGED from com.android.support:support-v4:22.2.0:20:5
MERGED from com.mikepenz.materialdrawer:library:2.9.5:8:5
MERGED from com.android.support:appcompat-v7:22.2.0:20:5
MERGED from com.android.support:support-v4:22.2.0:20:5
MERGED from com.mikepenz.iconics:library:0.9.1:8:5
MERGED from com.melnykov:floatingactionbutton:1.3.0:8:5
MERGED from com.android.support:recyclerview-v7:22.2.0:20:5
MERGED from com.android.support:support-v4:22.2.0:20:5
MERGED from com.balysv:material-ripple:1.0.1:8:5
	android:targetSdkVersion
		INJECTED from AndroidManifest.xml:0:0
		INJECTED from AndroidManifest.xml:0:0
	android:minSdkVersion
		INJECTED from AndroidManifest.xml:0:0
		INJECTED from AndroidManifest.xml:0:0